<?xml version="1.0" encoding="UTF-8"?>
<!-- Generated by org.testng.reporters.JUnitXMLReporter -->
<testsuite ignored="0" hostname="DESKTOP-J7SMNVK" failures="1" tests="1" name="Default test" time="2.623" errors="0" timestamp="18 Jul 2020 18:03:17 GMT">
  <testcase classname="com.edurekha.controls.HandlingChildBrowserPopup" name="handlingChildBrowserPopup" time="2.569">
    <failure type="org.openqa.selenium.SessionNotCreatedException" message="session not created: This version of ChromeDriver only supports Chrome version 80
Build info: version: &amp;apos;3.141.59&amp;apos;, revision: &amp;apos;e82be7d358&amp;apos;, time: &amp;apos;2018-11-14T08:25:53&amp;apos;
System info: host: &amp;apos;DESKTOP-J7SMNVK&amp;apos;, ip: &amp;apos;192.168.1.65&amp;apos;, os.name: &amp;apos;Windows 10&amp;apos;, os.arch: &amp;apos;amd64&amp;apos;, os.version: &amp;apos;10.0&amp;apos;, java.version: &amp;apos;10.0.1&amp;apos;
Driver info: driver.version: ChromeDriver
remote stacktrace: Backtrace:
	Ordinal0 [0x010A0C83+1707139]
	Ordinal0 [0x010068F1+1075441]
	Ordinal0 [0x00F7DFC9+516041]
	Ordinal0 [0x00F10554+66900]
	Ordinal0 [0x00F0CCE2+52450]
	Ordinal0 [0x00F2BFD7+180183]
	Ordinal0 [0x00F2BDDD+179677]
	Ordinal0 [0x00F29D4B+171339]
	Ordinal0 [0x00F11D4A+73034]
	Ordinal0 [0x00F12DC0+77248]
	Ordinal0 [0x00F12D59+77145]
	Ordinal0 [0x0101BB67+1162087]
	GetHandleVerifier [0x0113A966+508998]
	GetHandleVerifier [0x0113A6A4+508292]
	GetHandleVerifier [0x0114F7B7+594583]
	GetHandleVerifier [0x0113B1D6+511158]
	Ordinal0 [0x0101402C+1130540]
	Ordinal0 [0x0101D4CB+1168587]
	Ordinal0 [0x0101D633+1168947]
	Ordinal0 [0x01035B35+1268533]
	BaseThreadInitThunk [0x75DA6359+25]
	RtlGetAppContainerNamedObjectPath [0x77E57C24+228]
	RtlGetAppContainerNamedObjectPath [0x77E57BF4+180]
">
      <![CDATA[org.openqa.selenium.SessionNotCreatedException: session not created: This version of ChromeDriver only supports Chrome version 80
Build info: version: '3.141.59', revision: 'e82be7d358', time: '2018-11-14T08:25:53'
System info: host: 'DESKTOP-J7SMNVK', ip: '192.168.1.65', os.name: 'Windows 10', os.arch: 'amd64', os.version: '10.0', java.version: '10.0.1'
Driver info: driver.version: ChromeDriver
remote stacktrace: Backtrace:
Ordinal0 [0x010A0C83+1707139]
Ordinal0 [0x010068F1+1075441]
Ordinal0 [0x00F7DFC9+516041]
Ordinal0 [0x00F10554+66900]
Ordinal0 [0x00F0CCE2+52450]
Ordinal0 [0x00F2BFD7+180183]
Ordinal0 [0x00F2BDDD+179677]
Ordinal0 [0x00F29D4B+171339]
Ordinal0 [0x00F11D4A+73034]
Ordinal0 [0x00F12DC0+77248]
Ordinal0 [0x00F12D59+77145]
Ordinal0 [0x0101BB67+1162087]
GetHandleVerifier [0x0113A966+508998]
GetHandleVerifier [0x0113A6A4+508292]
GetHandleVerifier [0x0114F7B7+594583]
GetHandleVerifier [0x0113B1D6+511158]
Ordinal0 [0x0101402C+1130540]
Ordinal0 [0x0101D4CB+1168587]
Ordinal0 [0x0101D633+1168947]
Ordinal0 [0x01035B35+1268533]
BaseThreadInitThunk [0x75DA6359+25]
RtlGetAppContainerNamedObjectPath [0x77E57C24+228]
RtlGetAppContainerNamedObjectPath [0x77E57BF4+180]

at java.base/jdk.internal.reflect.NativeConstructorAccessorImpl.newInstance0(Native Method)
at java.base/jdk.internal.reflect.NativeConstructorAccessorImpl.newInstance(Unknown Source)
at java.base/jdk.internal.reflect.DelegatingConstructorAccessorImpl.newInstance(Unknown Source)
at java.base/java.lang.reflect.Constructor.newInstance(Unknown Source)
at org.openqa.selenium.remote.W3CHandshakeResponse.lambda$errorHandler$0(W3CHandshakeResponse.java:62)
at org.openqa.selenium.remote.HandshakeResponse.lambda$getResponseFunction$0(HandshakeResponse.java:30)
at org.openqa.selenium.remote.ProtocolHandshake.lambda$createSession$0(ProtocolHandshake.java:126)
at java.base/java.util.stream.ReferencePipeline$3$1.accept(Unknown Source)
at java.base/java.util.Spliterators$ArraySpliterator.tryAdvance(Unknown Source)
at java.base/java.util.stream.ReferencePipeline.forEachWithCancel(Unknown Source)
at java.base/java.util.stream.AbstractPipeline.copyIntoWithCancel(Unknown Source)
at java.base/java.util.stream.AbstractPipeline.copyInto(Unknown Source)
at java.base/java.util.stream.AbstractPipeline.wrapAndCopyInto(Unknown Source)
at java.base/java.util.stream.FindOps$FindOp.evaluateSequential(Unknown Source)
at java.base/java.util.stream.AbstractPipeline.evaluate(Unknown Source)
at java.base/java.util.stream.ReferencePipeline.findFirst(Unknown Source)
at org.openqa.selenium.remote.ProtocolHandshake.createSession(ProtocolHandshake.java:128)
at org.openqa.selenium.remote.ProtocolHandshake.createSession(ProtocolHandshake.java:74)
at org.openqa.selenium.remote.HttpCommandExecutor.execute(HttpCommandExecutor.java:136)
at org.openqa.selenium.remote.service.DriverCommandExecutor.execute(DriverCommandExecutor.java:83)
at org.openqa.selenium.remote.RemoteWebDriver.execute(RemoteWebDriver.java:552)
at org.openqa.selenium.remote.RemoteWebDriver.startSession(RemoteWebDriver.java:213)
at org.openqa.selenium.remote.RemoteWebDriver.<init>(RemoteWebDriver.java:131)
at org.openqa.selenium.chrome.ChromeDriver.<init>(ChromeDriver.java:181)
at org.openqa.selenium.chrome.ChromeDriver.<init>(ChromeDriver.java:168)
at org.openqa.selenium.chrome.ChromeDriver.<init>(ChromeDriver.java:123)
at com.edurekha.controls.HandlingChildBrowserPopup.handlingChildBrowserPopup(HandlingChildBrowserPopup.java:20)
at java.base/jdk.internal.reflect.NativeMethodAccessorImpl.invoke0(Native Method)
at java.base/jdk.internal.reflect.NativeMethodAccessorImpl.invoke(Unknown Source)
at java.base/jdk.internal.reflect.DelegatingMethodAccessorImpl.invoke(Unknown Source)
at java.base/java.lang.reflect.Method.invoke(Unknown Source)
at org.testng.internal.MethodInvocationHelper.invokeMethod(MethodInvocationHelper.java:124)
at org.testng.internal.Invoker.invokeMethod(Invoker.java:583)
at org.testng.internal.Invoker.invokeTestMethod(Invoker.java:719)
at org.testng.internal.Invoker.invokeTestMethods(Invoker.java:989)
at org.testng.internal.TestMethodWorker.invokeTestMethods(TestMethodWorker.java:125)
at org.testng.internal.TestMethodWorker.run(TestMethodWorker.java:109)
at org.testng.TestRunner.privateRun(TestRunner.java:648)
at org.testng.TestRunner.run(TestRunner.java:505)
at org.testng.SuiteRunner.runTest(SuiteRunner.java:455)
at org.testng.SuiteRunner.runSequentially(SuiteRunner.java:450)
at org.testng.SuiteRunner.privateRun(SuiteRunner.java:415)
at org.testng.SuiteRunner.run(SuiteRunner.java:364)
at org.testng.SuiteRunnerWorker.runSuite(SuiteRunnerWorker.java:52)
at org.testng.SuiteRunnerWorker.run(SuiteRunnerWorker.java:84)
at org.testng.TestNG.runSuitesSequentially(TestNG.java:1208)
at org.testng.TestNG.runSuitesLocally(TestNG.java:1137)
at org.testng.TestNG.runSuites(TestNG.java:1049)
at org.testng.TestNG.run(TestNG.java:1017)
at org.testng.remote.AbstractRemoteTestNG.run(AbstractRemoteTestNG.java:114)
at org.testng.remote.RemoteTestNG.initAndRun(RemoteTestNG.java:251)
at org.testng.remote.RemoteTestNG.main(RemoteTestNG.java:77)
]]>
    </failure>
  </testcase> <!-- handlingChildBrowserPopup -->
</testsuite> <!-- Default test -->
